2019-10-17 12:42:21,467 INFO o.s.b.StartupInfoLogger [main] Starting ELawyerApplicationTests on DESKTOP-M4N1T0F with PID 8576 (started by marja in C:\Users\marja\IdeaProjects\e-advocates-project\backend)
2019-10-17 12:42:21,473 DEBUG o.s.b.StartupInfoLogger [main] Running with Spring Boot v2.1.2.RELEASE, Spring v5.1.4.RELEASE
2019-10-17 12:42:21,474 INFO o.s.b.SpringApplication [main] The following profiles are active: prod
2019-10-17 12:42:22,481 INFO o.s.d.r.c.RepositoryConfigurationDelegate [main] Bootstrapping Spring Data repositories in DEFAULT mode.
2019-10-17 12:42:22,604 INFO o.s.d.r.c.RepositoryConfigurationDelegate [main] Finished Spring Data repository scanning in 115ms. Found 13 repository interfaces.
2019-10-17 12:42:23,207 INFO o.s.c.s.PostProcessorRegistrationDelegate$BeanPostProcessorChecker [main] Bean 'org.springframework.transaction.annotation.ProxyTransactionManagementConfiguration' of type [org.springframework.transaction.annotation.ProxyTransactionManagementConfiguration$$EnhancerBySpringCGLIB$$b33991dc] is not eligible for getting processed by all BeanPostProcessors (for example: not eligible for auto-proxying)
2019-10-17 12:42:23,265 INFO o.s.c.s.PostProcessorRegistrationDelegate$BeanPostProcessorChecker [main] Bean 'org.springframework.security.config.annotation.configuration.ObjectPostProcessorConfiguration' of type [org.springframework.security.config.annotation.configuration.ObjectPostProcessorConfiguration$$EnhancerBySpringCGLIB$$4be75a16] is not eligible for getting processed by all BeanPostProcessors (for example: not eligible for auto-proxying)
2019-10-17 12:42:23,278 INFO o.s.c.s.PostProcessorRegistrationDelegate$BeanPostProcessorChecker [main] Bean 'objectPostProcessor' of type [org.springframework.security.config.annotation.configuration.AutowireBeanFactoryObjectPostProcessor] is not eligible for getting processed by all BeanPostProcessors (for example: not eligible for auto-proxying)
2019-10-17 12:42:23,280 INFO o.s.c.s.PostProcessorRegistrationDelegate$BeanPostProcessorChecker [main] Bean 'org.springframework.security.access.expression.method.DefaultMethodSecurityExpressionHandler@4a2929a4' of type [org.springframework.security.access.expression.method.DefaultMethodSecurityExpressionHandler] is not eligible for getting processed by all BeanPostProcessors (for example: not eligible for auto-proxying)
2019-10-17 12:42:23,291 INFO o.s.c.s.PostProcessorRegistrationDelegate$BeanPostProcessorChecker [main] Bean 'methodSecurityConfigurer' of type [com.eadvocate.config.security.MethodSecurityConfigurer$$EnhancerBySpringCGLIB$$6f4e653b] is not eligible for getting processed by all BeanPostProcessors (for example: not eligible for auto-proxying)
2019-10-17 12:42:23,304 INFO o.s.c.s.PostProcessorRegistrationDelegate$BeanPostProcessorChecker [main] Bean 'org.springframework.security.config.annotation.method.configuration.Jsr250MetadataSourceConfiguration' of type [org.springframework.security.config.annotation.method.configuration.Jsr250MetadataSourceConfiguration$$EnhancerBySpringCGLIB$$961114de] is not eligible for getting processed by all BeanPostProcessors (for example: not eligible for auto-proxying)
2019-10-17 12:42:23,314 INFO o.s.c.s.PostProcessorRegistrationDelegate$BeanPostProcessorChecker [main] Bean 'jsr250MethodSecurityMetadataSource' of type [org.springframework.security.access.annotation.Jsr250MethodSecurityMetadataSource] is not eligible for getting processed by all BeanPostProcessors (for example: not eligible for auto-proxying)
2019-10-17 12:42:23,322 INFO o.s.c.s.PostProcessorRegistrationDelegate$BeanPostProcessorChecker [main] Bean 'methodSecurityMetadataSource' of type [org.springframework.security.access.method.DelegatingMethodSecurityMetadataSource] is not eligible for getting processed by all BeanPostProcessors (for example: not eligible for auto-proxying)
2019-10-17 12:42:23,588 INFO c.z.h.HikariDataSource [main] HikariPool-1 - Starting...
2019-10-17 12:42:24,320 INFO c.z.h.HikariDataSource [main] HikariPool-1 - Start completed.
2019-10-17 12:42:24,402 INFO o.h.j.i.u.LogHelper [main] HHH000204: Processing PersistenceUnitInfo [
	name: default
	...]
2019-10-17 12:42:24,495 INFO o.h.Version [main] HHH000412: Hibernate Core {5.3.7.Final}
2019-10-17 12:42:24,497 INFO o.h.c.Environment [main] HHH000206: hibernate.properties not found
2019-10-17 12:42:24,673 INFO o.h.a.c.r.j.JavaReflectionManager [main] HCANN000001: Hibernate Commons Annotations {5.0.4.Final}
2019-10-17 12:42:24,841 INFO o.h.d.Dialect [main] HHH000400: Using dialect: org.hibernate.dialect.MySQL5Dialect
2019-10-17 12:42:25,722 INFO o.s.o.j.AbstractEntityManagerFactoryBean [main] Initialized JPA EntityManagerFactory for persistence unit 'default'
2019-10-17 12:42:26,565 INFO o.h.h.i.QueryTranslatorFactoryInitiator [main] HHH000397: Using ASTQueryTranslatorFactory
2019-10-17 12:42:27,358 INFO o.s.s.w.DefaultSecurityFilterChain [main] Creating filter chain: any request, [org.springframework.security.web.context.request.async.WebAsyncManagerIntegrationFilter@58b5d5fc, org.springframework.security.web.context.SecurityContextPersistenceFilter@6f1163f7, org.springframework.security.web.header.HeaderWriterFilter@3f71ae7f, org.springframework.web.filter.CorsFilter@42536da6, org.springframework.security.web.authentication.logout.LogoutFilter@1fa58a48, com.eadvocate.config.security.JWTAuthenticationFilter@7591cbd1, com.eadvocate.config.security.JWTAuthorizationFilter@5cdc8499, org.springframework.security.web.savedrequest.RequestCacheAwareFilter@4ca907af, org.springframework.security.web.servletapi.SecurityContextHolderAwareRequestFilter@687f62a5, org.springframework.security.web.authentication.AnonymousAuthenticationFilter@2a30b0cb, org.springframework.security.web.session.SessionManagementFilter@d1d85d0, org.springframework.security.web.access.ExceptionTranslationFilter@579ce2e9, org.springframework.security.web.access.intercept.FilterSecurityInterceptor@c7269ad]
2019-10-17 12:42:27,944 INFO o.s.s.c.ExecutorConfigurationSupport [main] Initializing ExecutorService 'applicationTaskExecutor'
2019-10-17 12:42:28,021 WARN o.s.b.a.o.j.JpaBaseConfiguration$JpaWebConfiguration$JpaWebMvcConfiguration [main] spring.jpa.open-in-view is enabled by default. Therefore, database queries may be performed during view rendering. Explicitly configure spring.jpa.open-in-view to disable this warning
2019-10-17 12:42:28,067 TRACE o.s.w.s.h.AbstractHandlerMethodMapping [main] 
	c.e.r.c.AdvocateCompanyController:
	{GET /advocatecompany/page}: listUser(Integer,Integer,String,String)
	{POST /advocatecompany/activate}: activateAdvocateCompany(AdvocateCompanyDto)
	{POST /advocatecompany/deactivate}: deactivateAdvocateCompany(AdvocateCompanyDto)
	{POST /advocatecompany/add}: addAdvocateCompany(AdvocateCompanyDto)
	{POST /advocatecompany/addwithadmin}: addAdvocateCompanyWithAdmin(CompanyUserDto)
2019-10-17 12:42:28,075 TRACE o.s.w.s.h.AbstractHandlerMethodMapping [main] 
	c.e.r.c.AppController:
	{GET /app/roles}: getAllRoles()
	{POST /app/add}: addNewUser(UserDto)
	{GET /app/us}: getAllStatuses1()
	{GET /app/statuses}: getAllStatuses()
	{POST /app/emailcheck}: checkEmailExistence(String)
2019-10-17 12:42:28,077 TRACE o.s.w.s.h.AbstractHandlerMethodMapping [main] 
	c.e.r.c.AuthenticationController:
	{POST /signup}: signupNewUser(UserDto)
2019-10-17 12:42:28,080 TRACE o.s.w.s.h.AbstractHandlerMethodMapping [main] 
	c.e.r.c.ClientCompanyController:
	{POST /clientcompany/add}: addClientPerson(ClientCompanyDto)
	{POST /clientcompany/page}: getPageWithClientCompaniesForCompany(Integer,Integer,AdvocateCompanyDto)
2019-10-17 12:42:28,081 TRACE o.s.w.s.h.AbstractHandlerMethodMapping [main] 
	c.e.r.c.ClientPersonController:
	{POST /clientperson/add}: addClientPerson(ClientPersonDto)
	{POST /clientperson/page}: getPageWithClientPersonsForCompany(Integer,Integer,AdvocateCompanyDto)
2019-10-17 12:42:28,083 TRACE o.s.w.s.h.AbstractHandlerMethodMapping [main] 
	c.e.r.c.CourtController:
	{POST /court/add}: add(CourtDto)
2019-10-17 12:42:28,087 TRACE o.s.w.s.h.AbstractHandlerMethodMapping [main] 
	c.e.r.c.GovernmentAuthoritiesOppositeSideController:
	{POST /gaos/add}: add(GovernmentAuthoritiesOppositeSideDto)
2019-10-17 12:42:28,090 TRACE o.s.w.s.h.AbstractHandlerMethodMapping [main] 
	c.e.r.c.JudgeController:
	{POST /judge/add}: add(JudgeDto)
2019-10-17 12:42:28,091 TRACE o.s.w.s.h.AbstractHandlerMethodMapping [main] 
	c.e.r.c.LoggedUser:
	{GET /user}: user(Principal)
2019-10-17 12:42:28,093 TRACE o.s.w.s.h.AbstractHandlerMethodMapping [main] 
	c.e.r.c.OppositeSideAdvocateController:
	{POST /osa/add}: add(OppositeSideAdvocateDto)
2019-10-17 12:42:28,097 TRACE o.s.w.s.h.AbstractHandlerMethodMapping [main] 
	c.e.r.c.OppositeSideCompanyController:
	{POST /osc/add}: add(OppositeSideCompanyDto)
2019-10-17 12:42:28,098 TRACE o.s.w.s.h.AbstractHandlerMethodMapping [main] 
	c.e.r.c.OppositeSidePersonController:
	{POST /osp/add}: add(OppositeSidePersonDto)
2019-10-17 12:42:28,101 TRACE o.s.w.s.h.AbstractHandlerMethodMapping [main] 
	c.e.r.c.UserController:
	{GET /user/page}: listUser(Integer,Integer,String,String)
	{POST /user/}: getUser(String)
	{POST /user/activate}: activateUser(String)
	{POST /user/deactivate}: deactivateUser(String)
	{POST /user/edit}: editUser(CUserDto)
	{GET /user/admins/page}: listAdmins(Integer,Integer,String,String)
2019-10-17 12:42:28,107 TRACE o.s.w.s.h.AbstractHandlerMethodMapping [main] 
	o.s.b.a.w.s.e.BasicErrorController:
	{ /error}: error(HttpServletRequest)
	{ /error, produces [text/html]}: errorHtml(HttpServletRequest,HttpServletResponse)
2019-10-17 12:42:28,114 DEBUG o.s.w.s.h.AbstractHandlerMethodMapping [main] 30 mappings in 'requestMappingHandlerMapping'
2019-10-17 12:42:28,247 INFO o.s.b.a.w.s.WelcomePageHandlerMapping [main] Adding welcome page: class path resource [META-INF/resources/index.html]
2019-10-17 12:42:29,120 INFO o.s.b.a.e.w.EndpointLinksResolver [main] Exposing 15 endpoint(s) beneath base path '/actuator'
2019-10-17 12:42:29,276 INFO o.s.b.StartupInfoLogger [main] Started ELawyerApplicationTests in 8.141 seconds (JVM running for 9.104)
2019-10-17 12:42:29,404 INFO o.s.s.c.ExecutorConfigurationSupport [Thread-5] Shutting down ExecutorService 'applicationTaskExecutor'
2019-10-17 12:42:29,413 INFO o.s.o.j.AbstractEntityManagerFactoryBean [Thread-5] Closing JPA EntityManagerFactory for persistence unit 'default'
2019-10-17 12:42:29,416 INFO c.z.h.HikariDataSource [Thread-5] HikariPool-1 - Shutdown initiated...
2019-10-17 12:42:29,429 INFO c.z.h.HikariDataSource [Thread-5] HikariPool-1 - Shutdown completed.
